1626849811968	geckodriver	INFO	geckodriver 0.21.0
1626849811975	geckodriver	INFO	Listening on 127.0.0.1:40936
1626849813067	mozrunner::runner	INFO	Running command: "/usr/bin/firefox" "-marionette" "-headless" "-foreground" "-no-remote" "-profile" "/tmp/rust_mozprofile.JO68g93fqDum"
*** You are running in headless mode.
[GFX1-]: glxtest: libpci missing
[GFX1-]: glxtest: Unable to open a connection to the X server
[GFX1-]: glxtest: libEGL initialize failed
[GFX1-]: No GPUs detected via PCI
1626849815172	Marionette	INFO	Marionette enabled
1626849815402	Marionette	TRACE	Received observer notification toplevel-window-ready
1626849824777	Marionette	TRACE	Received observer notification marionette-startup-requested
1626849824777	Marionette	TRACE	Waiting until startup recorder finished recording startup scripts...
1626849824877	Marionette	TRACE	All scripts recorded.
1626849824878	Marionette	DEBUG	Setting recommended pref app.update.disabledForTesting to true
1626849824878	Marionette	DEBUG	Setting recommended pref apz.content_response_timeout to 60000
1626849824878	Marionette	DEBUG	Setting recommended pref browser.contentblocking.introCount to 99
1626849824878	Marionette	DEBUG	Setting recommended pref browser.download.panel.shown to true
1626849824955	Marionette	DEBUG	Setting recommended pref browser.newtabpage.enabled to false
1626849824958	Marionette	DEBUG	Setting recommended pref browser.pagethumbnails.capturing_disabled to true
1626849824963	Marionette	DEBUG	Setting recommended pref browser.search.update to false
1626849824964	Marionette	DEBUG	Setting recommended pref browser.tabs.disableBackgroundZombification to false
1626849824964	Marionette	DEBUG	Setting recommended pref browser.tabs.remote.separatePrivilegedContentProcess to false
1626849824965	Marionette	DEBUG	Setting recommended pref browser.tabs.unloadOnLowMemory to false
1626849824965	Marionette	DEBUG	Setting recommended pref browser.tabs.warnOnCloseOtherTabs to false
1626849824965	Marionette	DEBUG	Setting recommended pref browser.tabs.warnOnOpen to false
1626849824965	Marionette	DEBUG	Setting recommended pref browser.toolbars.bookmarks.visibility to never
1626849824966	Marionette	DEBUG	Setting recommended pref browser.usedOnWindows10.introURL to 
1626849824966	Marionette	DEBUG	Setting recommended pref browser.urlbar.suggest.searches to false
1626849824968	Marionette	DEBUG	Setting recommended pref datareporting.policy.dataSubmissionPolicyAccepted to false
1626849824968	Marionette	DEBUG	Setting recommended pref dom.disable_beforeunload to true
1626849824968	Marionette	DEBUG	Setting recommended pref dom.disable_open_during_load to false
1626849824969	Marionette	DEBUG	Setting recommended pref dom.file.createInChild to true
1626849824969	Marionette	DEBUG	Setting recommended pref dom.max_chrome_script_run_time to 0
1626849824969	Marionette	DEBUG	Setting recommended pref dom.max_script_run_time to 0
1626849824971	Marionette	DEBUG	Setting recommended pref dom.push.connection.enabled to false
1626849824972	Marionette	DEBUG	Setting recommended pref extensions.getAddons.cache.enabled to false
1626849824972	Marionette	DEBUG	Setting recommended pref extensions.getAddons.discovery.api_url to data:, 
1626849824972	Marionette	DEBUG	Setting recommended pref network.http.prompt-temp-redirect to false
1626849824972	Marionette	DEBUG	Setting recommended pref privacy.trackingprotection.enabled to false
1626849824972	Marionette	DEBUG	Setting recommended pref security.certerrors.mitm.priming.enabled to false
1626849824974	Marionette	DEBUG	Setting recommended pref security.fileuri.strict_origin_policy to false
1626849824975	Marionette	DEBUG	Setting recommended pref security.notification_enable_delay to 0
1626849824975	Marionette	DEBUG	Setting recommended pref signon.autofillForms to false
1626849824978	Marionette	DEBUG	Setting recommended pref signon.rememberSignons to false
1626849825057	Marionette	INFO	Listening on port 33228
1626849825060	Marionette	DEBUG	Marionette is listening
1626849825081	Marionette	DEBUG	Accepted connection 0 from 127.0.0.1:44402
1626849825169	Marionette	DEBUG	0 -> [0,1,"WebDriver:NewSession",{"acceptInsecureCerts":true,"browserName":"firefox","capabilities":{"desiredCapabilities":{"acceptInsecureCerts":true,"browserName":"firefox"}}}]
1626849825174	Marionette	WARN	TLS certificate errors will be ignored for this session
1626849825263	Marionette	DEBUG	0 <- [1,1,null,{"sessionId":"14d08873-5282-410f-8735-d6975c998e95","capabilities":{"browserName":"firefox","browserVersion":"90.0" ... ebdriverClick":true,"capabilities":{"desiredCapabilities":{"acceptInsecureCerts":true,"browserName":"firefox"}},"proxy":{}}}]
1626849825381	Marionette	DEBUG	0 -> [0,2,"WebDriver:Navigate",{"url":"http://www.naver.com/"}]
1626849825463	Marionette	TRACE	[17] MarionetteEvents actor created for window id 2147483649
1626849825474	Marionette	TRACE	[17] Received event beforeunload for about:blank
1626849825967	Marionette	TRACE	[17] Received event pagehide for about:blank
1626849831874	Marionette	TRACE	[17] MarionetteEvents actor created for window id 2147483650
1626849831958	Marionette	TRACE	[17] Received event DOMContentLoaded for https://www.naver.com/
1626849832766	Marionette	TRACE	[2147483649] MarionetteEvents actor created for window id 2147483657
1626849832769	Marionette	TRACE	[2147483650] MarionetteEvents actor created for window id 2147483658
1626849832863	Marionette	TRACE	[2147483651] MarionetteEvents actor created for window id 2147483659
1626849832864	Marionette	TRACE	[2147483652] MarionetteEvents actor created for window id 2147483660
1626849832866	Marionette	TRACE	[2147483653] MarionetteEvents actor created for window id 2147483661
1626849832867	Marionette	TRACE	[2147483654] MarionetteEvents actor created for window id 2147483662
1626849833359	Marionette	TRACE	[17] Received event pageshow for https://www.naver.com/
1626849833362	Marionette	DEBUG	0 <- [1,2,null,{"value":null}]
1626849835069	Marionette	DEBUG	0 -> [0,3,"WebDriver:TakeScreenshot",{"full":false,"highlights":[],"id":null}]
1626849835565	Marionette	TRACE	[17] MarionetteCommands actor created for window id 2147483650
1626849839055	Marionette	DEBUG	0 <- [1,3,null,{"value":"iVBORw0KGgoAAAANSUhEUgAABVYAAAKrCAYAAAAaktZbAAAgAElEQVR4nOy9Z3AUZ9qofap8zqm3vjeddx02GBtjclRCoDh5RtJoRjlnA ... g4WYPu7m5otVo14L7T6YTH44EgCGSqnoXQhIwtSG+2IL3ZgzRnD9I8eYn2OD1oymq1WhyrPJ2wcTpN8gmCIOIH3XPZ4/8DrpYfLIYUV+0AAAAASUVORK5CYII="}]
1626849839672	Marionette	DEBUG	0 -> [0,4,"Marionette:Quit",{"flags":["eForceQuit"]}]
1626849839755	Marionette	INFO	Stopped listening on port 33228
JavaScript error: resource://gre/modules/AsyncShutdown.jsm, line 575: NotFoundError: No such JSWindowActor 'MarionetteEvents'
JavaScript error: resource://gre/modules/AsyncShutdown.jsm, line 575: NotFoundError: No such JSWindowActor 'MarionetteEvents'
JavaScript error: resource://gre/modules/AsyncShutdown.jsm, line 575: NotFoundError: No such JSWindowActor 'MarionetteEvents'
1626849841857	Marionette	TRACE	Received observer notification quit-application
1626849841876	Marionette	DEBUG	0 <- [1,4,null,{"cause":"shutdown","forced":false}]
1626849843177	Marionette	DEBUG	0 -> [0,5,"Marionette:Quit",{"flags":["eForceQuit"]}]
1626849843178	Marionette	DEBUG	0 <- [1,5,{"error":"invalid session id","message":"WebDriver session does not exist, or is not active","stacktrace":"WebDriverErro ... t@chrome://marionette/content/server.js:254:9\n_onJSONObjectReady/<@chrome://marionette/content/transport.js:504:20\n"},null]
1626849843560	Marionette	DEBUG	Closed connection 0
JavaScript error: resource://gre/modules/AsyncShutdown.jsm, line 718: Error: Phase "Sqlite.jsm: wait until all connections are closed" is finished, it is too late to register completion condition "protections.sqlite#0: waiting for shutdown"
1626849846156	Marionette	TRACE	Received observer notification xpcom-will-shutdown
1626849846156	Marionette	DEBUG	Resetting recommended pref app.update.disabledForTesting
1626849846157	Marionette	DEBUG	Resetting recommended pref apz.content_response_timeout
1626849846157	Marionette	DEBUG	Resetting recommended pref browser.contentblocking.introCount
1626849846157	Marionette	DEBUG	Resetting recommended pref browser.download.panel.shown
1626849846157	Marionette	DEBUG	Resetting recommended pref browser.newtabpage.enabled
1626849846158	Marionette	DEBUG	Resetting recommended pref browser.pagethumbnails.capturing_disabled
1626849846158	Marionette	DEBUG	Resetting recommended pref browser.search.update
1626849846158	Marionette	DEBUG	Resetting recommended pref browser.tabs.disableBackgroundZombification
1626849846158	Marionette	DEBUG	Resetting recommended pref browser.tabs.remote.separatePrivilegedContentProcess
1626849846158	Marionette	DEBUG	Resetting recommended pref browser.tabs.unloadOnLowMemory
1626849846158	Marionette	DEBUG	Resetting recommended pref browser.tabs.warnOnCloseOtherTabs
1626849846158	Marionette	DEBUG	Resetting recommended pref browser.tabs.warnOnOpen
1626849846158	Marionette	DEBUG	Resetting recommended pref browser.toolbars.bookmarks.visibility
1626849846159	Marionette	DEBUG	Resetting recommended pref browser.usedOnWindows10.introURL
1626849846159	Marionette	DEBUG	Resetting recommended pref browser.urlbar.suggest.searches
1626849846161	Marionette	DEBUG	Resetting recommended pref datareporting.policy.dataSubmissionPolicyAccepted
1626849846161	Marionette	DEBUG	Resetting recommended pref dom.disable_beforeunload
1626849846161	Marionette	DEBUG	Resetting recommended pref dom.disable_open_during_load
1626849846161	Marionette	DEBUG	Resetting recommended pref dom.file.createInChild
1626849846162	Marionette	DEBUG	Resetting recommended pref dom.max_chrome_script_run_time
1626849846162	Marionette	DEBUG	Resetting recommended pref dom.max_script_run_time
1626849846162	Marionette	DEBUG	Resetting recommended pref dom.push.connection.enabled
1626849846162	Marionette	DEBUG	Resetting recommended pref extensions.getAddons.cache.enabled
1626849846162	Marionette	DEBUG	Resetting recommended pref extensions.getAddons.discovery.api_url
1626849846163	Marionette	DEBUG	Resetting recommended pref network.http.prompt-temp-redirect
1626849846163	Marionette	DEBUG	Resetting recommended pref privacy.trackingprotection.enabled
1626849846163	Marionette	DEBUG	Resetting recommended pref security.certerrors.mitm.priming.enabled
1626849846163	Marionette	DEBUG	Resetting recommended pref security.fileuri.strict_origin_policy
1626849846163	Marionette	DEBUG	Resetting recommended pref security.notification_enable_delay
1626849846163	Marionette	DEBUG	Resetting recommended pref signon.autofillForms
1626849846164	Marionette	DEBUG	Resetting recommended pref signon.rememberSignons
1626849846165	Marionette	DEBUG	Marionette stopped listening
1626851927720	geckodriver	INFO	geckodriver 0.21.0
1626851927728	geckodriver	INFO	Listening on 127.0.0.1:58311
1626851928764	mozrunner::runner	INFO	Running command: "/usr/bin/firefox" "-marionette" "-headless" "-foreground" "-no-remote" "-profile" "/tmp/rust_mozprofile.EDl3Oi5gKRpA"
*** You are running in headless mode.
[GFX1-]: glxtest: libpci missing
[GFX1-]: glxtest: Unable to open a connection to the X server
[GFX1-]: glxtest: libEGL initialize failed
[GFX1-]: No GPUs detected via PCI
1626851930668	Marionette	INFO	Marionette enabled
1626851930879	Marionette	TRACE	Received observer notification toplevel-window-ready
1626851939472	Marionette	TRACE	Received observer notification marionette-startup-requested
1626851939474	Marionette	TRACE	Waiting until startup recorder finished recording startup scripts...
1626851939955	Marionette	TRACE	All scripts recorded.
1626851939955	Marionette	DEBUG	Setting recommended pref app.update.disabledForTesting to true
1626851939956	Marionette	DEBUG	Setting recommended pref apz.content_response_timeout to 60000
1626851939956	Marionette	DEBUG	Setting recommended pref browser.contentblocking.introCount to 99
1626851939956	Marionette	DEBUG	Setting recommended pref browser.download.panel.shown to true
1626851939957	Marionette	DEBUG	Setting recommended pref browser.newtabpage.enabled to false
1626851939958	Marionette	DEBUG	Setting recommended pref browser.pagethumbnails.capturing_disabled to true
1626851939959	Marionette	DEBUG	Setting recommended pref browser.search.update to false
1626851939959	Marionette	DEBUG	Setting recommended pref browser.tabs.disableBackgroundZombification to false
1626851939960	Marionette	DEBUG	Setting recommended pref browser.tabs.remote.separatePrivilegedContentProcess to false
1626851939960	Marionette	DEBUG	Setting recommended pref browser.tabs.unloadOnLowMemory to false
1626851939960	Marionette	DEBUG	Setting recommended pref browser.tabs.warnOnCloseOtherTabs to false
1626851939960	Marionette	DEBUG	Setting recommended pref browser.tabs.warnOnOpen to false
1626851939960	Marionette	DEBUG	Setting recommended pref browser.toolbars.bookmarks.visibility to never
1626851939960	Marionette	DEBUG	Setting recommended pref browser.usedOnWindows10.introURL to 
1626851939960	Marionette	DEBUG	Setting recommended pref browser.urlbar.suggest.searches to false
1626851939963	Marionette	DEBUG	Setting recommended pref datareporting.policy.dataSubmissionPolicyAccepted to false
1626851939967	Marionette	DEBUG	Setting recommended pref dom.disable_beforeunload to true
1626851939968	Marionette	DEBUG	Setting recommended pref dom.disable_open_during_load to false
1626851939968	Marionette	DEBUG	Setting recommended pref dom.file.createInChild to true
1626851939974	Marionette	DEBUG	Setting recommended pref dom.max_chrome_script_run_time to 0
1626851939974	Marionette	DEBUG	Setting recommended pref dom.max_script_run_time to 0
1626851939976	Marionette	DEBUG	Setting recommended pref dom.push.connection.enabled to false
1626851939976	Marionette	DEBUG	Setting recommended pref extensions.getAddons.cache.enabled to false
1626851939976	Marionette	DEBUG	Setting recommended pref extensions.getAddons.discovery.api_url to data:, 
1626851939977	Marionette	DEBUG	Setting recommended pref network.http.prompt-temp-redirect to false
1626851939977	Marionette	DEBUG	Setting recommended pref privacy.trackingprotection.enabled to false
1626851939977	Marionette	DEBUG	Setting recommended pref security.certerrors.mitm.priming.enabled to false
1626851939977	Marionette	DEBUG	Setting recommended pref security.fileuri.strict_origin_policy to false
1626851939977	Marionette	DEBUG	Setting recommended pref security.notification_enable_delay to 0
1626851939977	Marionette	DEBUG	Setting recommended pref signon.autofillForms to false
1626851940059	Marionette	DEBUG	Setting recommended pref signon.rememberSignons to false
1626851940069	Marionette	INFO	Listening on port 37530
1626851940070	Marionette	DEBUG	Marionette is listening
1626851940175	Marionette	DEBUG	Accepted connection 0 from 127.0.0.1:36096
1626851940268	Marionette	DEBUG	0 -> [0,1,"WebDriver:NewSession",{"acceptInsecureCerts":true,"browserName":"firefox","capabilities":{"desiredCapabilities":{"acceptInsecureCerts":true,"browserName":"firefox"}}}]
1626851940272	Marionette	WARN	TLS certificate errors will be ignored for this session
1626851940355	Marionette	DEBUG	0 <- [1,1,null,{"sessionId":"67e522e4-e8b1-445b-aa38-9cf32f78369a","capabilities":{"browserName":"firefox","browserVersion":"90.0" ... ebdriverClick":true,"capabilities":{"desiredCapabilities":{"acceptInsecureCerts":true,"browserName":"firefox"}},"proxy":{}}}]
1626851940460	Marionette	DEBUG	0 -> [0,2,"WebDriver:Navigate",{"url":"https://nid.naver.com/nidlogin.login"}]
1626851940469	Marionette	TRACE	[17] MarionetteEvents actor created for window id 2147483649
1626851940475	Marionette	TRACE	[17] Received event beforeunload for about:blank
1626851941360	Marionette	TRACE	[17] Received event pagehide for about:blank
1626851943071	Marionette	TRACE	[17] MarionetteEvents actor created for window id 2147483650
1626851943180	Marionette	TRACE	[17] Received event DOMContentLoaded for https://nid.naver.com/nidlogin.login
1626851943181	Marionette	TRACE	[17] Received event pageshow for https://nid.naver.com/nidlogin.login
1626851943181	Marionette	DEBUG	0 <- [1,2,null,{"value":null}]
1626851943378	Marionette	DEBUG	0 -> [0,3,"WebDriver:FindElement",{"using":"css selector","value":"[id=\"id\"]"}]
JavaScript warning: https://nid.naver.com/login/js/bvsd.1.3.4.min.js, line 16: WebGL warning: <Create>: Can't use WebGL in headless mode (https://bugzil.la/1375585).
JavaScript warning: https://nid.naver.com/login/js/bvsd.1.3.4.min.js, line 16: Failed to create WebGL context: WebGL creation failed: 
* Can't use WebGL in headless mode (https://bugzil.la/1375585). ()
JavaScript warning: https://nid.naver.com/login/js/bvsd.1.3.4.min.js, line 16: WebGL warning: <Create>: Can't use WebGL in headless mode (https://bugzil.la/1375585).
JavaScript warning: https://nid.naver.com/login/js/bvsd.1.3.4.min.js, line 16: Failed to create WebGL context: WebGL creation failed: 
* Can't use WebGL in headless mode (https://bugzil.la/1375585). ()
JavaScript warning: https://nid.naver.com/login/js/bvsd.1.3.4.min.js, line 16: WebGL warning: <Create>: Can't use WebGL in headless mode (https://bugzil.la/1375585).
JavaScript warning: https://nid.naver.com/login/js/bvsd.1.3.4.min.js, line 16: Failed to create WebGL context: WebGL creation failed: 
* Can't use WebGL in headless mode (https://bugzil.la/1375585). ()
JavaScript warning: https://nid.naver.com/login/js/bvsd.1.3.4.min.js, line 16: WebGL warning: <Create>: Can't use WebGL in headless mode (https://bugzil.la/1375585).
JavaScript warning: https://nid.naver.com/login/js/bvsd.1.3.4.min.js, line 16: Failed to create WebGL context: WebGL creation failed: 
* Can't use WebGL in headless mode (https://bugzil.la/1375585). ()
1626851943572	Marionette	TRACE	[17] MarionetteCommands actor created for window id 2147483650
1626851943770	Marionette	DEBUG	0 <- [1,3,null,{"value":{"element-6066-11e4-a52e-4f735466cecf":"c249578c-a815-4f3d-85ed-af42d34a07d9"}}]
1626851943864	Marionette	DEBUG	0 -> [0,4,"WebDriver:ElementClear",{"id":"c249578c-a815-4f3d-85ed-af42d34a07d9"}]
1626851944299	Marionette	DEBUG	0 <- [1,4,null,{"value":null}]
1626851944369	Marionette	DEBUG	0 -> [0,5,"WebDriver:ElementSendKeys",{"id":"c249578c-a815-4f3d-85ed-af42d34a07d9","text":"cookiesoup34","value":["c","o","o","k","i","e","s","o","u","p","3","4"]}]
1626851944488	Marionette	DEBUG	0 <- [1,5,null,{"value":null}]
1626851944496	Marionette	DEBUG	0 -> [0,6,"WebDriver:FindElement",{"using":"css selector","value":"[id=\"pw\"]"}]
1626851944570	Marionette	DEBUG	0 <- [1,6,null,{"value":{"element-6066-11e4-a52e-4f735466cecf":"55169bb0-e917-497b-944f-2ad756e3f786"}}]
1626851944575	Marionette	DEBUG	0 -> [0,7,"WebDriver:ElementClear",{"id":"55169bb0-e917-497b-944f-2ad756e3f786"}]
1626851944598	Marionette	DEBUG	0 <- [1,7,null,{"value":null}]
1626851944601	Marionette	DEBUG	0 -> [0,8,"WebDriver:ElementSendKeys",{"id":"55169bb0-e917-497b-944f-2ad756e3f786","text":"Pat0591!!","value":["P","a","t","0","5","9","1","!","!"]}]
1626851944680	Marionette	DEBUG	0 <- [1,8,null,{"value":null}]
1626851944682	Marionette	DEBUG	0 -> [0,9,"WebDriver:FindElement",{"using":"css selector","value":"input.btn_global[type=submit]"}]
1626851944713	Marionette	DEBUG	0 <- [1,9,null,{"value":{"element-6066-11e4-a52e-4f735466cecf":"32a367cd-0405-455d-b7ee-d2804da7578e"}}]
1626851944758	Marionette	DEBUG	0 -> [0,10,"WebDriver:FindElement",{"element":"32a367cd-0405-455d-b7ee-d2804da7578e","using":"xpath","value":"./ancestor-or-self::form"}]
1626851944766	Marionette	DEBUG	0 <- [1,10,null,{"value":{"element-6066-11e4-a52e-4f735466cecf":"fb255297-547d-407b-9c79-9d12df80b715"}}]
1626851944770	Marionette	DEBUG	0 -> [0,11,"WebDriver:ExecuteScript",{"args":[{"ELEMENT":"fb255297-547d-407b-9c79-9d12df80b715","element-6066-11e4-a52e-4f735466ce ... bmit', true, true);if (arguments[0].dispatchEvent(e)) { arguments[0].submit() }","scriptTimeout":null,"specialPowers":false}]
1626851944899	Marionette	DEBUG	0 <- [1,11,null,{"value":null}]
1626851944957	Marionette	DEBUG	0 -> [0,12,"WebDriver:Navigate",{"url":"https://order.pay.naver.com/home?tabMenu=SHOPPING"}]
1626851944961	Marionette	TRACE	[17] Received event beforeunload for https://nid.naver.com/nidlogin.login
1626851949790	Marionette	TRACE	[17] Received event beforeunload for https://nid.naver.com/nidlogin.login
1626851961233	Marionette	TRACE	[17] Received event pagehide for https://nid.naver.com/nidlogin.login
1626851961663	Marionette	TRACE	[17] MarionetteEvents actor created for window id 2147483651
1626851961665	Marionette	TRACE	[17] Received event DOMContentLoaded for https://nid.naver.com/nidlogin.login
1626851961667	Marionette	TRACE	[17] Received event pageshow for https://nid.naver.com/nidlogin.login
1626851961667	Marionette	DEBUG	0 <- [1,12,null,{"value":null}]
1626851961763	Marionette	DEBUG	0 -> [0,13,"WebDriver:FindElement",{"using":"css selector","value":".p_info span"}]
JavaScript warning: https://nid.naver.com/login/js/bvsd.1.3.4.min.js, line 16: WebGL warning: <Create>: Can't use WebGL in headless mode (https://bugzil.la/1375585).
JavaScript warning: https://nid.naver.com/login/js/bvsd.1.3.4.min.js, line 16: Failed to create WebGL context: WebGL creation failed: 
* Can't use WebGL in headless mode (https://bugzil.la/1375585). ()
JavaScript warning: https://nid.naver.com/login/js/bvsd.1.3.4.min.js, line 16: WebGL warning: <Create>: Can't use WebGL in headless mode (https://bugzil.la/1375585).
JavaScript warning: https://nid.naver.com/login/js/bvsd.1.3.4.min.js, line 16: Failed to create WebGL context: WebGL creation failed: 
* Can't use WebGL in headless mode (https://bugzil.la/1375585). ()
JavaScript warning: https://nid.naver.com/login/js/bvsd.1.3.4.min.js, line 16: WebGL warning: <Create>: Can't use WebGL in headless mode (https://bugzil.la/1375585).
JavaScript warning: https://nid.naver.com/login/js/bvsd.1.3.4.min.js, line 16: Failed to create WebGL context: WebGL creation failed: 
* Can't use WebGL in headless mode (https://bugzil.la/1375585). ()
JavaScript warning: https://nid.naver.com/login/js/bvsd.1.3.4.min.js, line 16: WebGL warning: <Create>: Can't use WebGL in headless mode (https://bugzil.la/1375585).
JavaScript warning: https://nid.naver.com/login/js/bvsd.1.3.4.min.js, line 16: Failed to create WebGL context: WebGL creation failed: 
* Can't use WebGL in headless mode (https://bugzil.la/1375585). ()
1626851961862	Marionette	TRACE	[17] MarionetteCommands actor created for window id 2147483651
1626851961866	Marionette	DEBUG	0 <- [1,13,{"error":"no such element","message":"Unable to locate element: .p_info span","stacktrace":"WebDriverError@chrome://mar ... entError@chrome://marionette/content/error.js:393:5\nelement.find/</<@chrome://marionette/content/element.js:306:16\n"},null]
1626851961967	Marionette	DEBUG	Closed connection 0
console.error: services.settings: 
  main/doh-config Signature failed  InvalidSignatureError: Invalid content signature (main/doh-config)
console.error: services.settings: 
  main/doh-config local data was corrupted
console.warn: services.settings: main/doh-config Signature verified failed. Retry from scratch
console.error: services.settings: 
  main/doh-providers Signature failed  InvalidSignatureError: Invalid content signature (main/doh-providers)
console.error: services.settings: 
  main/doh-providers local data was corrupted
console.warn: services.settings: main/doh-providers Signature verified failed. Retry from scratch
console.log: WebExtensions: reset-default-search: starting.
console.log: WebExtensions: reset-default-search: No addons in our list are installed.
